<!DOCTYPE suite SYSTEM "https://testng.org/testng-1.0.dtd">
<suite verbose="1" name="Carina Demo - Test Custom Jobs Params" parallel="tests">

	<parameter name="suiteOwner" value="qpsdemo"/>
	<parameter name="jenkinsJobName" value="API-CustomParams-Demo"/>
	<parameter name="jenkinsJobType" value="api"/>
	<parameter name="jenkinsEnvironments" value="DEMO"/>
	<parameter name="jenkinsEmail" value="demo@qaprosoft.com"/>

	<parameter name="jenkinsRegressionPipeline" value="api_regression, full_regression"/>
	<parameter name="jenkinsJobExecutionMode" value="continue"/>

	<!-- example declaring non default retry_count -->
	<parameter name="jenkinsDefaultRetryCount" value="2"/>

	<!-- declaring custom arguments-->
	<parameter name="stringParam::stringArg::custom string desc" value="string value" />
	<parameter name="booleanParam::booleanArg::custom boolean desc" value="true" />
	<parameter name="hiddenParam::hiddenArg::custom hidden desc" value="hidden value" />
	<parameter name="choiceParam::choiceArg::custom choice desc" value="1, 2, 3" />


	<test name="Sum operation test">
		<parameter name="{ds_custom_provider}" value="true" />
		<classes>
			<class name="com.qaprosoft.carina.demo.DataprovidersSampleTest">
				<methods>
					<include name="testSumOperation"/>
					<include name="testSumOperationEx"/>
				</methods>
			</class>
		</classes>
	</test>

	<test name="Multiply operation test">
		<parameter name="{ds_custom_provider}" value="true" />
		<classes>
			<class name="com.qaprosoft.carina.demo.DataprovidersSampleTest">
				<methods>
					<include name="testMuliplyOperation"/>
				</methods>
			</class>
		</classes>
	</test>

	<test name="Substract operation test">
		<parameter name="a" value="12"/>
		<parameter name="b" value="3"/>
		<parameter name="c" value="9"/>
		<classes>
			<class name="com.qaprosoft.carina.demo.DataprovidersSampleTest">
				<methods>
					<include name="testSubstractOperation"/>
				</methods>
			</class>
		</classes>
	</test>

</suite>